<?xml version="1.0" encoding="UTF-8"?>
<!-- Generated by org.testng.reporters.JUnitReportReporter -->
<testsuite skipped="0" hostname="BRIJB05" name="com.project.tests.testClass" tests="1" failures="0" timestamp="10 Jan 2019 14:18:37 GMT" time="57.933" errors="0">
  <testcase name="validation" time="57.933" classname="com.project.tests.testClass"/>
</testsuite> <!-- com.project.tests.testClass -->
