<?xml version="1.0" encoding="UTF-8"?>
<!-- Generated by org.testng.reporters.JUnitReportReporter -->
<testsuite skipped="0" hostname="CRAHUL01" name="com.training.tests.LoginToMI" tests="1" failures="0" timestamp="05 Jun 2018 11:44:42 GMT" time="5.323" errors="0">
  <testcase name="validation" time="5.323" classname="com.training.tests.LoginToMI"/>
</testsuite> <!-- com.training.tests.LoginToMI -->
