<?xml version="1.0" encoding="UTF-8"?>
<!-- Generated by org.testng.reporters.JUnitReportReporter -->
<testsuite skipped="0" hostname="SACHINKE02" name="com.project.tests.GoogleTest" tests="1" failures="0" timestamp="14 Mar 2020 06:18:26 GMT" time="74.882" errors="0">
  <testcase name="validation" time="74.882" classname="com.project.tests.GoogleTest"/>
</testsuite> <!-- com.project.tests.GoogleTest -->
