<?xml version="1.0" encoding="UTF-8"?>
<!-- Generated by org.testng.reporters.JUnitReportReporter -->
<testsuite skipped="0" hostname="SACHINKE02" name="com.project.tests.LoginToSalesforce" tests="1" failures="0" timestamp="12 Dec 2019 11:28:55 GMT" time="58.074" errors="0">
  <testcase name="validation" time="58.074" classname="com.project.tests.LoginToSalesforce"/>
</testsuite> <!-- com.project.tests.LoginToSalesforce -->
