<?xml version="1.0" encoding="UTF-8"?>
<!-- Generated by org.testng.reporters.JUnitReportReporter -->
<testsuite skipped="0" hostname="SACHINKE02" name="com.project.tests.SwitchUser" tests="1" failures="0" timestamp="04 Dec 2019 07:20:08 GMT" time="81.032" errors="0">
  <testcase name="validation" time="81.032" classname="com.project.tests.SwitchUser"/>
</testsuite> <!-- com.project.tests.SwitchUser -->
