<?xml version="1.0" encoding="UTF-8"?>
<!-- Generated by org.testng.reporters.JUnitReportReporter -->
<testsuite skipped="0" hostname="SACHINKE02" name="com.project.tests.ValidateAccountListView" tests="1" failures="0" timestamp="01 Oct 2019 08:57:35 GMT" time="26.690" errors="0">
  <testcase name="validation" time="26.690" classname="com.project.tests.ValidateAccountListView"/>
</testsuite> <!-- com.project.tests.ValidateAccountListView -->
