<?xml version="1.0" encoding="UTF-8"?>
<!-- Generated by org.testng.reporters.JUnitReportReporter -->
<testsuite skipped="0" hostname="SACHINKE02" name="com.project.tests.testSignedInUserPayToDrive" tests="1" failures="0" timestamp="29 Dec 2020 11:08:25 GMT" time="156.827" errors="0">
  <testcase name="test_SignedInUserPayToDrive" time="156.827" classname="com.project.tests.testSignedInUserPayToDrive"/>
</testsuite> <!-- com.project.tests.testSignedInUserPayToDrive -->
