<?xml version="1.0" encoding="UTF-8"?>
<!-- Generated by org.testng.reporters.JUnitReportReporter -->
<testsuite skipped="0" hostname="SACHINKE02" name="com.project.tests.LogOutOfMobileApp" tests="1" failures="0" timestamp="29 Dec 2020 11:08:25 GMT" time="36.913" errors="0">
  <testcase name="test_LogOutOfMobileApp" time="36.913" classname="com.project.tests.LogOutOfMobileApp"/>
</testsuite> <!-- com.project.tests.LogOutOfMobileApp -->
