<?xml version="1.0" encoding="UTF-8"?>
<!-- Generated by org.testng.reporters.JUnitReportReporter -->
<testsuite skipped="0" hostname="SACHINKE02" name="com.project.tests.ValidateAccountSearch" tests="1" failures="0" timestamp="01 Oct 2019 08:57:35 GMT" time="67.009" errors="0">
  <testcase name="validation" time="67.009" classname="com.project.tests.ValidateAccountSearch"/>
</testsuite> <!-- com.project.tests.ValidateAccountSearch -->
