<?xml version="1.0" encoding="UTF-8"?>
<!-- Generated by org.testng.reporters.JUnitReportReporter -->
<testsuite skipped="0" hostname="SACHINKE02" name="com.project.tests.testBrowserScenario" tests="1" failures="0" timestamp="15 Oct 2020 16:12:14 GMT" time="181.989" errors="0">
  <testcase name="test_ViewBrowserScenario" time="181.989" classname="com.project.tests.testBrowserScenario"/>
</testsuite> <!-- com.project.tests.testBrowserScenario -->
