<?xml version="1.0" encoding="UTF-8"?>
<!-- Generated by org.testng.reporters.JUnitReportReporter -->
<testsuite skipped="0" hostname="SACHINKE02" name="com.project.tests.CreateNewCampaign" tests="1" failures="0" timestamp="04 Dec 2019 07:20:08 GMT" time="39.385" errors="0">
  <testcase name="validation" time="39.385" classname="com.project.tests.CreateNewCampaign"/>
</testsuite> <!-- com.project.tests.CreateNewCampaign -->
