<?xml version="1.0" encoding="UTF-8"?>
<!-- Generated by org.testng.reporters.JUnitReportReporter -->
<testsuite skipped="0" hostname="SACHINKE02" name="com.project.tests.LoginToMobileApp2" tests="1" failures="0" timestamp="11 Oct 2020 10:31:17 GMT" time="73.909" errors="0">
  <testcase name="test_LoginToMobileApp" time="73.909" classname="com.project.tests.LoginToMobileApp2"/>
</testsuite> <!-- com.project.tests.LoginToMobileApp2 -->
