<?xml version="1.0" encoding="UTF-8"?>
<!-- Generated by org.testng.reporters.JUnitReportReporter -->
<testsuite skipped="0" hostname="SACHINKE02" name="com.project.tests.LoginToATA" tests="1" failures="0" timestamp="13 Dec 2019 07:17:11 GMT" time="31.558" errors="0">
  <testcase name="validation" time="31.558" classname="com.project.tests.LoginToATA"/>
</testsuite> <!-- com.project.tests.LoginToATA -->
