<?xml version="1.0" encoding="UTF-8"?>
<!-- Generated by org.testng.reporters.JUnitReportReporter -->
<testsuite skipped="1" hostname="SACHINKE02" name="com.project.tests.testViewDataUsage" tests="1" failures="0" timestamp="26 Oct 2020 15:14:02 GMT" time="0.000" errors="0">
  <testcase name="test_ViewDataUsage" time="0.000" classname="com.project.tests.testViewDataUsage">
    <skipped/>
  </testcase> <!-- test_ViewDataUsage -->
</testsuite> <!-- com.project.tests.testViewDataUsage -->
